<?xml version="1.0" encoding="UTF-8"?>
<testng-results ignored="0" total="2" passed="2" failed="0" skipped="0">
  <reporter-output>
  </reporter-output>
  <suite started-at="2021-07-14T16:45:01 IST" name="Default suite" finished-at="2021-07-14T16:46:12 IST" duration-ms="70468">
    <groups>
    </groups>
    <test started-at="2021-07-14T16:45:01 IST" name="Default test" finished-at="2021-07-14T16:46:12 IST" duration-ms="70468">
      <class name="com.linkedin.qa.testcases.LoginPageTest">
        <test-method is-config="true" signature="setUp()[pri:0, instance:com.linkedin.qa.testcases.LoginPageTest@2fd1433e]" started-at="2021-07-14T16:45:01 IST" name="setUp" finished-at="2021-07-14T16:45:36 IST" duration-ms="35171" status="PASS">
          <reporter-output>
          </reporter-output>
        </test-method> <!-- setUp -->
        <test-method signature="loginPageTitleTest()[pri:1, instance:com.linkedin.qa.testcases.LoginPageTest@2fd1433e]" started-at="2021-07-14T16:45:36 IST" name="loginPageTitleTest" finished-at="2021-07-14T16:45:36 IST" duration-ms="16" status="PASS">
          <reporter-output>
          </reporter-output>
        </test-method> <!-- loginPageTitleTest -->
        <test-method is-config="true" signature="tearDown()[pri:0, instance:com.linkedin.qa.testcases.LoginPageTest@2fd1433e]" started-at="2021-07-14T16:45:36 IST" name="tearDown" finished-at="2021-07-14T16:45:37 IST" duration-ms="323" status="PASS">
          <reporter-output>
          </reporter-output>
        </test-method> <!-- tearDown -->
        <test-method is-config="true" signature="setUp()[pri:0, instance:com.linkedin.qa.testcases.LoginPageTest@2fd1433e]" started-at="2021-07-14T16:45:37 IST" name="setUp" finished-at="2021-07-14T16:46:09 IST" duration-ms="31852" status="PASS">
          <reporter-output>
          </reporter-output>
        </test-method> <!-- setUp -->
        <test-method signature="loginTest()[pri:2, instance:com.linkedin.qa.testcases.LoginPageTest@2fd1433e]" started-at="2021-07-14T16:46:09 IST" name="loginTest" finished-at="2021-07-14T16:46:11 IST" duration-ms="2825" status="PASS">
          <reporter-output>
          </reporter-output>
        </test-method> <!-- loginTest -->
        <test-method is-config="true" signature="tearDown()[pri:0, instance:com.linkedin.qa.testcases.LoginPageTest@2fd1433e]" started-at="2021-07-14T16:46:11 IST" name="tearDown" finished-at="2021-07-14T16:46:12 IST" duration-ms="190" status="PASS">
          <reporter-output>
          </reporter-output>
        </test-method> <!-- tearDown -->
      </class> <!-- com.linkedin.qa.testcases.LoginPageTest -->
    </test> <!-- Default test -->
  </suite> <!-- Default suite -->
</testng-results>
